{
  "stats": {
    "suites": 1,
    "tests": 3,
    "passes": 0,
    "pending": 0,
    "failures": 3,
    "start": "2025-06-08T15:50:47.217Z",
    "end": "2025-06-08T15:51:00.459Z",
    "duration": 13242,
    "testsRegistered": 3,
    "passPercent": 0,
    "pendingPercent": 0,
    "other": 0,
    "hasOther": false,
    "skipped": 0,
    "hasSkipped": false
  },
  "results": [
    {
      "uuid": "3b752572-d628-4689-966d-f219bc8078f2",
      "title": "",
      "fullFile": "cypress/component/Page.cy.jsx",
      "file": "cypress/component/Page.cy.jsx",
      "beforeHooks": [],
      "afterHooks": [],
      "tests": [],
      "suites": [
        {
          "uuid": "e52bc7be-4f92-4e71-9b0b-83f19ea5a78a",
          "title": "Page />",
          "fullFile": "",
          "file": "",
          "beforeHooks": [],
          "afterHooks": [],
          "tests": [
            {
              "title": "displays the correct initial biography",
              "fullTitle": "Page /> displays the correct initial biography",
              "timedOut": null,
              "duration": 4349,
              "state": "failed",
              "speed": null,
              "pass": false,
              "fail": true,
              "pending": false,
              "context": null,
              "code": "cy.mount(/* @__PURE__ */ jsxDEV(Page, {}, void 0, false, {\n  fileName: \"/config/workspace/cypress/component/Page.cy.jsx\",\n  lineNumber: 6,\n  columnNumber: 14\n}, this));\ncy.contains(\"i\", \"Loading...\").should(\"exist\");\ncy.contains(\"i\", \"This is Alice's bio.\").should(\"exist\");",
              "err": {
                "message": "AssertionError: Timed out retrying after 4000ms: Expected to find content: 'This is Alice's bio.' within the selector: 'i' but never did.",
                "estack": "AssertionError: Timed out retrying after 4000ms: Expected to find content: 'This is Alice's bio.' within the selector: 'i' but never did.\n    at Context.<anonymous> (Page.cy.jsx:8:45)\n    at runnable.fn (http://localhost:5174/__cypress/runner/cypress_runner.js:138726:19)\n    at callFn (http://localhost:5174/__cypress/runner/cypress_runner.js:157371:21)\n    at Runnable.run (http://localhost:5174/__cypress/runner/cypress_runner.js:157358:7)\n    at <unknown> (http://localhost:5174/__cypress/runner/cypress_runner.js:163170:30)\n    at PassThroughHandlerContext.finallyHandler (http://localhost:5174/__cypress/runner/cypress_runner.js:4072:23)\n    at PassThroughHandlerContext.tryCatcher (http://localhost:5174/__cypress/runner/cypress_runner.js:1807:23)\n    at Promise._settlePromiseFromHandler (http://localhost:5174/__cypress/runner/cypress_runner.js:1519:31)",
                "diff": null
              },
              "uuid": "358eb8c8-e37d-400a-ba20-b65146735740",
              "parentUUID": "e52bc7be-4f92-4e71-9b0b-83f19ea5a78a",
              "isHook": false,
              "skipped": false
            },
            {
              "title": "updates the biography correctly when a new person is selected",
              "fullTitle": "Page /> updates the biography correctly when a new person is selected",
              "timedOut": null,
              "duration": 4330,
              "state": "failed",
              "speed": null,
              "pass": false,
              "fail": true,
              "pending": false,
              "context": null,
              "code": "cy.mount(/* @__PURE__ */ jsxDEV(Page, {}, void 0, false, {\n  fileName: \"/config/workspace/cypress/component/Page.cy.jsx\",\n  lineNumber: 12,\n  columnNumber: 14\n}, this));\ncy.get(\"select\").select(\"Bob\");\ncy.contains(\"i\", \"Loading...\").should(\"exist\");\ncy.contains(\"i\", \"This is Bob's bio.\").should(\"exist\");\ncy.get(\"select\").select(\"Taylor\");\ncy.contains(\"i\", \"This is Taylor's bio.\").should(\"exist\");",
              "err": {
                "message": "AssertionError: Timed out retrying after 4000ms: Expected to find content: 'This is Bob's bio.' within the selector: 'i' but never did.",
                "estack": "AssertionError: Timed out retrying after 4000ms: Expected to find content: 'This is Bob's bio.' within the selector: 'i' but never did.\n    at Context.<anonymous> (Page.cy.jsx:15:43)\n    at runnable.fn (http://localhost:5174/__cypress/runner/cypress_runner.js:138726:19)\n    at callFn (http://localhost:5174/__cypress/runner/cypress_runner.js:157371:21)\n    at Runnable.run (http://localhost:5174/__cypress/runner/cypress_runner.js:157358:7)\n    at <unknown> (http://localhost:5174/__cypress/runner/cypress_runner.js:163170:30)\n    at PassThroughHandlerContext.finallyHandler (http://localhost:5174/__cypress/runner/cypress_runner.js:4072:23)\n    at PassThroughHandlerContext.tryCatcher (http://localhost:5174/__cypress/runner/cypress_runner.js:1807:23)\n    at Promise._settlePromiseFromHandler (http://localhost:5174/__cypress/runner/cypress_runner.js:1519:31)",
                "diff": null
              },
              "uuid": "17903ac9-5ff0-4994-a6ff-dd2c5255c4f9",
              "parentUUID": "e52bc7be-4f92-4e71-9b0b-83f19ea5a78a",
              "isHook": false,
              "skipped": false
            },
            {
              "title": "handles race conditions correctly when quickly changing selected person",
              "fullTitle": "Page /> handles race conditions correctly when quickly changing selected person",
              "timedOut": null,
              "duration": 4446,
              "state": "failed",
              "speed": null,
              "pass": false,
              "fail": true,
              "pending": false,
              "context": null,
              "code": "cy.mount(/* @__PURE__ */ jsxDEV(Page, {}, void 0, false, {\n  fileName: \"/config/workspace/cypress/component/Page.cy.jsx\",\n  lineNumber: 21,\n  columnNumber: 14\n}, this));\ncy.get(\"select\").select(\"Bob\");\ncy.get(\"select\").select(\"Taylor\");\ncy.contains(\"i\", \"This is Taylor's bio.\").should(\"exist\");",
              "err": {
                "message": "AssertionError: Timed out retrying after 4000ms: Expected to find content: 'This is Taylor's bio.' within the selector: 'i' but never did.",
                "estack": "AssertionError: Timed out retrying after 4000ms: Expected to find content: 'This is Taylor's bio.' within the selector: 'i' but never did.\n    at Context.<anonymous> (Page.cy.jsx:26:46)\n    at runnable.fn (http://localhost:5174/__cypress/runner/cypress_runner.js:138726:19)\n    at callFn (http://localhost:5174/__cypress/runner/cypress_runner.js:157371:21)\n    at Runnable.run (http://localhost:5174/__cypress/runner/cypress_runner.js:157358:7)\n    at <unknown> (http://localhost:5174/__cypress/runner/cypress_runner.js:163170:30)\n    at PassThroughHandlerContext.finallyHandler (http://localhost:5174/__cypress/runner/cypress_runner.js:4072:23)\n    at PassThroughHandlerContext.tryCatcher (http://localhost:5174/__cypress/runner/cypress_runner.js:1807:23)\n    at Promise._settlePromiseFromHandler (http://localhost:5174/__cypress/runner/cypress_runner.js:1519:31)",
                "diff": null
              },
              "uuid": "951848ef-d6fe-4079-aa39-1f3b8b3645ea",
              "parentUUID": "e52bc7be-4f92-4e71-9b0b-83f19ea5a78a",
              "isHook": false,
              "skipped": false
            }
          ],
          "suites": [],
          "passes": [],
          "failures": [
            "358eb8c8-e37d-400a-ba20-b65146735740",
            "17903ac9-5ff0-4994-a6ff-dd2c5255c4f9",
            "951848ef-d6fe-4079-aa39-1f3b8b3645ea"
          ],
          "pending": [],
          "skipped": [],
          "duration": 13125,
          "root": false,
          "rootEmpty": false,
          "_timeout": 2000
        }
      ],
      "passes": [],
      "failures": [],
      "pending": [],
      "skipped": [],
      "duration": 0,
      "root": true,
      "rootEmpty": true,
      "_timeout": 2000
    }
  ],
  "meta": {
    "mocha": {
      "version": "7.0.1"
    },
    "mochawesome": {
      "options": {
        "quiet": false,
        "reportFilename": "mochawesome",
        "saveHtml": true,
        "saveJson": true,
        "consoleReporter": "spec",
        "useInlineDiffs": false,
        "code": true
      },
      "version": "7.1.3"
    },
    "marge": {
      "options": null,
      "version": "6.2.0"
    }
  }
}